CRITICAL - 2024-07-25 10:15:09 --> ParseError: syntax error, unexpected identifier "assets", expecting ")"
[Method: GET, Route: layout/fixed_navbar]
in APPPATH\Views\bo\pages\v_header.php on line 44.
 1 SYSTEMPATH\View\View.php(237): CodeIgniter\View\View->CodeIgniter\View\{closure}()
 2 SYSTEMPATH\Common.php(1171): CodeIgniter\View\View->render('bo/pages/v_header', [], true)
 3 APPPATH\Controllers\Layout.php(18): view('bo/pages/v_header', [...])
 4 SYSTEMPATH\CodeIgniter.php(933): App\Controllers\Layout->fixed_navbar()
 5 SYSTEMPATH\CodeIgniter.php(509): CodeIgniter\CodeIgniter->runController(Object(App\Controllers\Layout))
 6 SYSTEMPATH\CodeIgniter.php(355): CodeIgniter\CodeIgniter->handleRequest(null, Object(Config\Cache), false)
 7 SYSTEMPATH\Boot.php(312): CodeIgniter\CodeIgniter->run()
 8 SYSTEMPATH\Boot.php(67): CodeIgniter\Boot::runCodeIgniter(Object(CodeIgniter\CodeIgniter))
 9 FCPATH\index.php(56): CodeIgniter\Boot::bootWeb(Object(Config\Paths))
10 SYSTEMPATH\Commands\Server\rewrite.php(49): require_once('G:\\One Drive\\OneDrive\\OFFICE\\2024\\1. OFFICE\\CODING\\DEVELOPMENT\\sisuro\\public\\index.php')
CRITICAL - 2024-07-25 10:53:50 --> CodeIgniter\View\Exceptions\ViewException: Invalid file: "bo/template/v_dashboard.php"
[Method: GET, Route: other_changelog]
in SYSTEMPATH\Exceptions\FrameworkException.php on line 41.
 1 SYSTEMPATH\View\View.php(222): CodeIgniter\Exceptions\FrameworkException::forInvalidFile()
 2 SYSTEMPATH\Common.php(1171): CodeIgniter\View\View->render()
 3 APPPATH\Controllers\Dashboard.php(22): view()
 4 SYSTEMPATH\CodeIgniter.php(933): App\Controllers\Dashboard->other_changelog()
 5 SYSTEMPATH\CodeIgniter.php(509): CodeIgniter\CodeIgniter->runController()
 6 SYSTEMPATH\CodeIgniter.php(355): CodeIgniter\CodeIgniter->handleRequest()
 7 SYSTEMPATH\Boot.php(312): CodeIgniter\CodeIgniter->run()
 8 SYSTEMPATH\Boot.php(67): CodeIgniter\Boot::runCodeIgniter()
 9 FCPATH\index.php(56): CodeIgniter\Boot::bootWeb()
10 SYSTEMPATH\Commands\Server\rewrite.php(49): require_once('D:\\office one drive\\OneDrive\\OFFICE\\2024\\1. OFFICE\\CODING\\DEVELOPMENT\\sisuro\\public\\index.php')
CRITICAL - 2024-07-25 10:54:12 --> CodeIgniter\View\Exceptions\ViewException: Invalid file: "bo/template/v_dashboard.php"
[Method: GET, Route: other_changelog]
in SYSTEMPATH\Exceptions\FrameworkException.php on line 41.
 1 SYSTEMPATH\View\View.php(222): CodeIgniter\Exceptions\FrameworkException::forInvalidFile()
 2 SYSTEMPATH\Common.php(1171): CodeIgniter\View\View->render()
 3 APPPATH\Controllers\Dashboard.php(22): view()
 4 SYSTEMPATH\CodeIgniter.php(933): App\Controllers\Dashboard->other_changelog()
 5 SYSTEMPATH\CodeIgniter.php(509): CodeIgniter\CodeIgniter->runController()
 6 SYSTEMPATH\CodeIgniter.php(355): CodeIgniter\CodeIgniter->handleRequest()
 7 SYSTEMPATH\Boot.php(312): CodeIgniter\CodeIgniter->run()
 8 SYSTEMPATH\Boot.php(67): CodeIgniter\Boot::runCodeIgniter()
 9 FCPATH\index.php(56): CodeIgniter\Boot::bootWeb()
10 SYSTEMPATH\Commands\Server\rewrite.php(49): require_once('D:\\office one drive\\OneDrive\\OFFICE\\2024\\1. OFFICE\\CODING\\DEVELOPMENT\\sisuro\\public\\index.php')
CRITICAL - 2024-07-25 10:39:02 --> Error: Class "Kint\Renderer\AbstractRenderer" not found
[Method: GET, Route: /]
in APPPATH\Config\Kint.php on line 38.
 1 SYSTEMPATH\Autoloader\Autoloader.php(497): CodeIgniter\Autoloader\Autoloader->configureKint()
 2 SYSTEMPATH\Boot.php(280): CodeIgniter\Autoloader\Autoloader->initializeKint(true)
 3 SYSTEMPATH\Boot.php(98): CodeIgniter\Boot::initializeKint()
 4 ROOTPATH\spark(84): CodeIgniter\Boot::bootSpark(Object(Config\Paths))
CRITICAL - 2024-07-25 10:40:21 --> Error: Class "Kint\Renderer\AbstractRenderer" not found
[Method: GET, Route: /]
in APPPATH\Config\Kint.php on line 38.
 1 SYSTEMPATH\Autoloader\Autoloader.php(497): CodeIgniter\Autoloader\Autoloader->configureKint()
 2 SYSTEMPATH\Boot.php(280): CodeIgniter\Autoloader\Autoloader->initializeKint(true)
 3 SYSTEMPATH\Boot.php(98): CodeIgniter\Boot::initializeKint()
 4 ROOTPATH\spark(84): CodeIgniter\Boot::bootSpark(Object(Config\Paths))
CRITICAL - 2024-07-25 22:08:24 --> Error: Cannot call constructor
[Method: GET, Route: /]
in APPPATH\Controllers\Dashboard.php on line 11.
 1 SYSTEMPATH\CodeIgniter.php(903): App\Controllers\Dashboard->__construct()
 2 SYSTEMPATH\CodeIgniter.php(500): CodeIgniter\CodeIgniter->createController()
 3 SYSTEMPATH\CodeIgniter.php(355): CodeIgniter\CodeIgniter->handleRequest(null, Object(Config\Cache), false)
 4 SYSTEMPATH\Boot.php(312): CodeIgniter\CodeIgniter->run()
 5 SYSTEMPATH\Boot.php(67): CodeIgniter\Boot::runCodeIgniter(Object(CodeIgniter\CodeIgniter))
 6 FCPATH\index.php(56): CodeIgniter\Boot::bootWeb(Object(Config\Paths))
 7 SYSTEMPATH\Commands\Server\rewrite.php(49): require_once('C:\\Users\\User\\OneDrive\\MAGANG UNIPMA\\CODING\\DEVELOPMENT\\e-arsip\\public\\index.php')
CRITICAL - 2024-07-25 22:09:14 --> TypeError: count(): Argument #1 ($value) must be of type Countable|array, null given
[Method: GET, Route: /]
in APPPATH\Views\bo\pages\v_dashboard.php on line 24.
 1 SYSTEMPATH\View\View.php(234): include()
 2 SYSTEMPATH\View\View.php(237): CodeIgniter\View\View->CodeIgniter\View\{closure}()
 3 SYSTEMPATH\Common.php(1171): CodeIgniter\View\View->render('bo/pages/v_dashboard', [], true)
 4 APPPATH\Controllers\Dashboard.php(18): view('bo/pages/v_dashboard')
 5 SYSTEMPATH\CodeIgniter.php(933): App\Controllers\Dashboard->index()
 6 SYSTEMPATH\CodeIgniter.php(509): CodeIgniter\CodeIgniter->runController(Object(App\Controllers\Dashboard))
 7 SYSTEMPATH\CodeIgniter.php(355): CodeIgniter\CodeIgniter->handleRequest(null, Object(Config\Cache), false)
 8 SYSTEMPATH\Boot.php(312): CodeIgniter\CodeIgniter->run()
 9 SYSTEMPATH\Boot.php(67): CodeIgniter\Boot::runCodeIgniter(Object(CodeIgniter\CodeIgniter))
10 FCPATH\index.php(56): CodeIgniter\Boot::bootWeb(Object(Config\Paths))
11 SYSTEMPATH\Commands\Server\rewrite.php(49): require_once('C:\\Users\\User\\OneDrive\\MAGANG UNIPMA\\CODING\\DEVELOPMENT\\e-arsip\\public\\index.php')
CRITICAL - 2024-07-25 22:09:14 --> [Caused by] ErrorException: Undefined variable $dokumen
in APPPATH\Views\bo\pages\v_dashboard.php on line 24.
 1 APPPATH\Views\bo\pages\v_dashboard.php(24): CodeIgniter\Debug\Exceptions->errorHandler(2, 'Undefined variable $dokumen', 'C:\\Users\\User\\OneDrive\\MAGANG UNIPMA\\CODING\\DEVELOPMENT\\e-arsip\\app\\Views\\bo\\pages\\v_dashboard.php', 24)
 2 SYSTEMPATH\View\View.php(234): include('C:\\Users\\User\\OneDrive\\MAGANG UNIPMA\\CODING\\DEVELOPMENT\\e-arsip\\app\\Views\\bo\\pages\\v_dashboard.php')
 3 SYSTEMPATH\View\View.php(237): CodeIgniter\View\View->CodeIgniter\View\{closure}()
 4 SYSTEMPATH\Common.php(1171): CodeIgniter\View\View->render('bo/pages/v_dashboard', [], true)
 5 APPPATH\Controllers\Dashboard.php(18): view('bo/pages/v_dashboard')
 6 SYSTEMPATH\CodeIgniter.php(933): App\Controllers\Dashboard->index()
 7 SYSTEMPATH\CodeIgniter.php(509): CodeIgniter\CodeIgniter->runController(Object(App\Controllers\Dashboard))
 8 SYSTEMPATH\CodeIgniter.php(355): CodeIgniter\CodeIgniter->handleRequest(null, Object(Config\Cache), false)
 9 SYSTEMPATH\Boot.php(312): CodeIgniter\CodeIgniter->run()
10 SYSTEMPATH\Boot.php(67): CodeIgniter\Boot::runCodeIgniter(Object(CodeIgniter\CodeIgniter))
11 FCPATH\index.php(56): CodeIgniter\Boot::bootWeb(Object(Config\Paths))
12 SYSTEMPATH\Commands\Server\rewrite.php(49): require_once('C:\\Users\\User\\OneDrive\\MAGANG UNIPMA\\CODING\\DEVELOPMENT\\e-arsip\\public\\index.php')
CRITICAL - 2024-07-25 22:10:11 --> TypeError: count(): Argument #1 ($value) must be of type Countable|array, null given
[Method: GET, Route: /]
in APPPATH\Views\bo\pages\v_dashboard.php on line 24.
 1 SYSTEMPATH\View\View.php(234): include()
 2 SYSTEMPATH\View\View.php(237): CodeIgniter\View\View->CodeIgniter\View\{closure}()
 3 SYSTEMPATH\Common.php(1171): CodeIgniter\View\View->render('bo/pages/v_dashboard', [], true)
 4 APPPATH\Controllers\Dashboard.php(18): view('bo/pages/v_dashboard')
 5 SYSTEMPATH\CodeIgniter.php(933): App\Controllers\Dashboard->index()
 6 SYSTEMPATH\CodeIgniter.php(509): CodeIgniter\CodeIgniter->runController(Object(App\Controllers\Dashboard))
 7 SYSTEMPATH\CodeIgniter.php(355): CodeIgniter\CodeIgniter->handleRequest(null, Object(Config\Cache), false)
 8 SYSTEMPATH\Boot.php(312): CodeIgniter\CodeIgniter->run()
 9 SYSTEMPATH\Boot.php(67): CodeIgniter\Boot::runCodeIgniter(Object(CodeIgniter\CodeIgniter))
10 FCPATH\index.php(56): CodeIgniter\Boot::bootWeb(Object(Config\Paths))
11 SYSTEMPATH\Commands\Server\rewrite.php(49): require_once('C:\\Users\\User\\OneDrive\\MAGANG UNIPMA\\CODING\\DEVELOPMENT\\e-arsip\\public\\index.php')
CRITICAL - 2024-07-25 22:10:11 --> [Caused by] ErrorException: Undefined variable $dokumen
in APPPATH\Views\bo\pages\v_dashboard.php on line 24.
 1 APPPATH\Views\bo\pages\v_dashboard.php(24): CodeIgniter\Debug\Exceptions->errorHandler(2, 'Undefined variable $dokumen', 'C:\\Users\\User\\OneDrive\\MAGANG UNIPMA\\CODING\\DEVELOPMENT\\e-arsip\\app\\Views\\bo\\pages\\v_dashboard.php', 24)
 2 SYSTEMPATH\View\View.php(234): include('C:\\Users\\User\\OneDrive\\MAGANG UNIPMA\\CODING\\DEVELOPMENT\\e-arsip\\app\\Views\\bo\\pages\\v_dashboard.php')
 3 SYSTEMPATH\View\View.php(237): CodeIgniter\View\View->CodeIgniter\View\{closure}()
 4 SYSTEMPATH\Common.php(1171): CodeIgniter\View\View->render('bo/pages/v_dashboard', [], true)
 5 APPPATH\Controllers\Dashboard.php(18): view('bo/pages/v_dashboard')
 6 SYSTEMPATH\CodeIgniter.php(933): App\Controllers\Dashboard->index()
 7 SYSTEMPATH\CodeIgniter.php(509): CodeIgniter\CodeIgniter->runController(Object(App\Controllers\Dashboard))
 8 SYSTEMPATH\CodeIgniter.php(355): CodeIgniter\CodeIgniter->handleRequest(null, Object(Config\Cache), false)
 9 SYSTEMPATH\Boot.php(312): CodeIgniter\CodeIgniter->run()
10 SYSTEMPATH\Boot.php(67): CodeIgniter\Boot::runCodeIgniter(Object(CodeIgniter\CodeIgniter))
11 FCPATH\index.php(56): CodeIgniter\Boot::bootWeb(Object(Config\Paths))
12 SYSTEMPATH\Commands\Server\rewrite.php(49): require_once('C:\\Users\\User\\OneDrive\\MAGANG UNIPMA\\CODING\\DEVELOPMENT\\e-arsip\\public\\index.php')
CRITICAL - 2024-07-25 22:10:19 --> TypeError: count(): Argument #1 ($value) must be of type Countable|array, null given
[Method: GET, Route: /]
in APPPATH\Views\bo\pages\v_dashboard.php on line 24.
 1 SYSTEMPATH\View\View.php(234): include()
 2 SYSTEMPATH\View\View.php(237): CodeIgniter\View\View->CodeIgniter\View\{closure}()
 3 SYSTEMPATH\Common.php(1171): CodeIgniter\View\View->render('bo/pages/v_dashboard', [], true)
 4 APPPATH\Controllers\Dashboard.php(18): view('bo/pages/v_dashboard')
 5 SYSTEMPATH\CodeIgniter.php(933): App\Controllers\Dashboard->index()
 6 SYSTEMPATH\CodeIgniter.php(509): CodeIgniter\CodeIgniter->runController(Object(App\Controllers\Dashboard))
 7 SYSTEMPATH\CodeIgniter.php(355): CodeIgniter\CodeIgniter->handleRequest(null, Object(Config\Cache), false)
 8 SYSTEMPATH\Boot.php(312): CodeIgniter\CodeIgniter->run()
 9 SYSTEMPATH\Boot.php(67): CodeIgniter\Boot::runCodeIgniter(Object(CodeIgniter\CodeIgniter))
10 FCPATH\index.php(56): CodeIgniter\Boot::bootWeb(Object(Config\Paths))
11 SYSTEMPATH\Commands\Server\rewrite.php(49): require_once('C:\\Users\\User\\OneDrive\\MAGANG UNIPMA\\CODING\\DEVELOPMENT\\e-arsip\\public\\index.php')
CRITICAL - 2024-07-25 22:10:19 --> [Caused by] ErrorException: Undefined variable $dokumen
in APPPATH\Views\bo\pages\v_dashboard.php on line 24.
 1 APPPATH\Views\bo\pages\v_dashboard.php(24): CodeIgniter\Debug\Exceptions->errorHandler(2, 'Undefined variable $dokumen', 'C:\\Users\\User\\OneDrive\\MAGANG UNIPMA\\CODING\\DEVELOPMENT\\e-arsip\\app\\Views\\bo\\pages\\v_dashboard.php', 24)
 2 SYSTEMPATH\View\View.php(234): include('C:\\Users\\User\\OneDrive\\MAGANG UNIPMA\\CODING\\DEVELOPMENT\\e-arsip\\app\\Views\\bo\\pages\\v_dashboard.php')
 3 SYSTEMPATH\View\View.php(237): CodeIgniter\View\View->CodeIgniter\View\{closure}()
 4 SYSTEMPATH\Common.php(1171): CodeIgniter\View\View->render('bo/pages/v_dashboard', [], true)
 5 APPPATH\Controllers\Dashboard.php(18): view('bo/pages/v_dashboard')
 6 SYSTEMPATH\CodeIgniter.php(933): App\Controllers\Dashboard->index()
 7 SYSTEMPATH\CodeIgniter.php(509): CodeIgniter\CodeIgniter->runController(Object(App\Controllers\Dashboard))
 8 SYSTEMPATH\CodeIgniter.php(355): CodeIgniter\CodeIgniter->handleRequest(null, Object(Config\Cache), false)
 9 SYSTEMPATH\Boot.php(312): CodeIgniter\CodeIgniter->run()
10 SYSTEMPATH\Boot.php(67): CodeIgniter\Boot::runCodeIgniter(Object(CodeIgniter\CodeIgniter))
11 FCPATH\index.php(56): CodeIgniter\Boot::bootWeb(Object(Config\Paths))
12 SYSTEMPATH\Commands\Server\rewrite.php(49): require_once('C:\\Users\\User\\OneDrive\\MAGANG UNIPMA\\CODING\\DEVELOPMENT\\e-arsip\\public\\index.php')
CRITICAL - 2024-07-25 22:10:22 --> TypeError: count(): Argument #1 ($value) must be of type Countable|array, null given
[Method: GET, Route: /]
in APPPATH\Views\bo\pages\v_dashboard.php on line 24.
 1 SYSTEMPATH\View\View.php(234): include()
 2 SYSTEMPATH\View\View.php(237): CodeIgniter\View\View->CodeIgniter\View\{closure}()
 3 SYSTEMPATH\Common.php(1171): CodeIgniter\View\View->render('bo/pages/v_dashboard', [], true)
 4 APPPATH\Controllers\Dashboard.php(18): view('bo/pages/v_dashboard')
 5 SYSTEMPATH\CodeIgniter.php(933): App\Controllers\Dashboard->index()
 6 SYSTEMPATH\CodeIgniter.php(509): CodeIgniter\CodeIgniter->runController(Object(App\Controllers\Dashboard))
 7 SYSTEMPATH\CodeIgniter.php(355): CodeIgniter\CodeIgniter->handleRequest(null, Object(Config\Cache), false)
 8 SYSTEMPATH\Boot.php(312): CodeIgniter\CodeIgniter->run()
 9 SYSTEMPATH\Boot.php(67): CodeIgniter\Boot::runCodeIgniter(Object(CodeIgniter\CodeIgniter))
10 FCPATH\index.php(56): CodeIgniter\Boot::bootWeb(Object(Config\Paths))
11 SYSTEMPATH\Commands\Server\rewrite.php(49): require_once('C:\\Users\\User\\OneDrive\\MAGANG UNIPMA\\CODING\\DEVELOPMENT\\e-arsip\\public\\index.php')
CRITICAL - 2024-07-25 22:10:22 --> [Caused by] ErrorException: Undefined variable $dokumen
in APPPATH\Views\bo\pages\v_dashboard.php on line 24.
 1 APPPATH\Views\bo\pages\v_dashboard.php(24): CodeIgniter\Debug\Exceptions->errorHandler(2, 'Undefined variable $dokumen', 'C:\\Users\\User\\OneDrive\\MAGANG UNIPMA\\CODING\\DEVELOPMENT\\e-arsip\\app\\Views\\bo\\pages\\v_dashboard.php', 24)
 2 SYSTEMPATH\View\View.php(234): include('C:\\Users\\User\\OneDrive\\MAGANG UNIPMA\\CODING\\DEVELOPMENT\\e-arsip\\app\\Views\\bo\\pages\\v_dashboard.php')
 3 SYSTEMPATH\View\View.php(237): CodeIgniter\View\View->CodeIgniter\View\{closure}()
 4 SYSTEMPATH\Common.php(1171): CodeIgniter\View\View->render('bo/pages/v_dashboard', [], true)
 5 APPPATH\Controllers\Dashboard.php(18): view('bo/pages/v_dashboard')
 6 SYSTEMPATH\CodeIgniter.php(933): App\Controllers\Dashboard->index()
 7 SYSTEMPATH\CodeIgniter.php(509): CodeIgniter\CodeIgniter->runController(Object(App\Controllers\Dashboard))
 8 SYSTEMPATH\CodeIgniter.php(355): CodeIgniter\CodeIgniter->handleRequest(null, Object(Config\Cache), false)
 9 SYSTEMPATH\Boot.php(312): CodeIgniter\CodeIgniter->run()
10 SYSTEMPATH\Boot.php(67): CodeIgniter\Boot::runCodeIgniter(Object(CodeIgniter\CodeIgniter))
11 FCPATH\index.php(56): CodeIgniter\Boot::bootWeb(Object(Config\Paths))
12 SYSTEMPATH\Commands\Server\rewrite.php(49): require_once('C:\\Users\\User\\OneDrive\\MAGANG UNIPMA\\CODING\\DEVELOPMENT\\e-arsip\\public\\index.php')
